[debug] [2021-02-12T20:34:57.335Z] ----------------------------------------------------------------------
[debug] [2021-02-12T20:34:57.338Z] Command:       C:\Program Files (x86)\nodejs\node.exe C:\Users\LENOVO\AppData\Roaming\npm\node_modules\firebase-tools\lib\bin\firebase.js init
[debug] [2021-02-12T20:34:57.339Z] CLI Version:   9.3.0
[debug] [2021-02-12T20:34:57.339Z] Platform:      win32
[debug] [2021-02-12T20:34:57.339Z] Node Version:  v12.18.3
[debug] [2021-02-12T20:34:57.341Z] Time:          Sat Feb 13 2021 02:04:57 GMT+0530 (India Standard Time)
[debug] [2021-02-12T20:34:57.342Z] ----------------------------------------------------------------------
[debug] [2021-02-12T20:34:57.342Z] 
[debug] [2021-02-12T20:34:57.347Z] >>> [apiv2][query] GET https://firebase-public.firebaseio.com/cli.json [none]
[debug] [2021-02-12T20:34:57.382Z] > command requires scopes: ["email","openid","https://www.googleapis.com/auth/cloudplatformprojects.readonly","https://www.googleapis.com/auth/firebase","https://www.googleapis.com/auth/cloud-platform"]
[debug] [2021-02-12T20:34:57.383Z] > authorizing via signed-in user
[info] 
     ######## #### ########  ######## ########     ###     ######  ########
     ##        ##  ##     ## ##       ##     ##  ##   ##  ##       ##
     ######    ##  ########  ######   ########  #########  ######  ######
     ##        ##  ##    ##  ##       ##     ## ##     ##       ## ##
     ##       #### ##     ## ######## ########  ##     ##  ######  ########

You're about to initialize a Firebase project in this directory:

  c:\DevMarcTesting\firebase-hosting-demo

Before we get started, keep in mind:

  * You are currently outside your home directory

[debug] [2021-02-12T20:34:59.206Z] <<< [apiv2][status] GET https://firebase-public.firebaseio.com/cli.json 200
[debug] [2021-02-12T20:34:59.207Z] <<< [apiv2][body] GET https://firebase-public.firebaseio.com/cli.json {"cloudBuildErrorAfter":1594252800000,"cloudBuildWarnAfter":1590019200000,"defaultNode10After":1594252800000,"minVersion":"3.0.5","node8DeploysDisabledAfter":1613390400000,"node8RuntimeDisabledAfter":1615809600000,"node8WarnAfter":1600128000000}
